è¿›ç¨‹å¯åŠ¨...
[33m[DBUG][0m 2018/08/02 03:43 GET: / -> main.main.func3() and 2 more
[33m[DBUG][0m 2018/08/02 03:43 GET: /ping -> main.main.func4() and 2 more
[33m[DBUG][0m 2018/08/02 03:43 GET: /hello -> main.main.func5() and 2 more
[33m[DBUG][0m 2018/08/02 03:43 Application: running using 1 host(s)
[33m[DBUG][0m 2018/08/02 03:43 Host: addr is :8080
[33m[DBUG][0m 2018/08/02 03:43 Host: virtual host is localhost:8080
[33m[DBUG][0m 2018/08/02 03:43 Host: register startup notifier
[33m[DBUG][0m 2018/08/02 03:43 Host: register server shutdown on interrupt(CTRL+C/CMD+C)
[33m[DBUG][0m 2018/08/02 03:43 Host: server will ignore the following errors: [http: Server closed]
Now listening on: http://localhost:8080
Application started. Press CTRL+C to shut down.
sum: 1
sum: 2
sum: 3
sum: 4
sum: 5
[36m[INFO][0m 2018/08/02 03:43 200 6.18Âµs 123.126.70.238 GET /
sum: 6
sum: 7
sum: 8
sum: 9
sum: 10
sum: 11
sum: 12
sum: 13
sum: 14
sum: 15
sum: 16
sum: 17
sum: 18
sum: 19
sum: 20
sum: 21
sum: 22
sum: 23
sum: 24
sum: 25
sum: 26
sum: 27
sum: 28
sum: 29
sum: 30
sum: 31
sum: 32
sum: 33
sum: 34
sum: 35
sum: 36
sum: 37
sum: 38
sum: 39
sum: 40
sum: 41
sum: 42
sum: 43
sum: 44
sum: 45
sum: 46
sum: 47
sum: 48
sum: 49
sum: 50
sum: 51
sum: 52
sum: 53
sum: 54
sum: 55
sum: 56
sum: 57
sum: 58
sum: 59
sum: 60
sum: 61
sum: 62
sum: 63
sum: 64
sum: 65
sum: 66
sum: 67
sum: 68
sum: 69
sum: 70
sum: 71
sum: 72
sum: 73
sum: 74
sum: 75
sum: 76
sum: 77
sum: 78
sum: 79
sum: 80
sum: 81
sum: 82
sum: 83
sum: 84
sum: 85
sum: 86
sum: 87
sum: 88
sum: 89
sum: 90
sum: 91
sum: 92
sum: 93
sum: 94
sum: 95
sum: 96
sum: 97
sum: 98
sum: 99
sum: 100
sum: 101
sum: 102
sum: 103
sum: 104
sum: 105
é€€å‡º terminated
å¼€å§‹é€€å‡º...
æ‰§è¡Œæ¸…ç†...
ç»“æŸé€€å‡º...
