è¿›ç¨‹å¯åŠ¨...
[33m[DBUG][0m 2018/08/02 03:56 GET: / -> main.main.func3() and 2 more
[33m[DBUG][0m 2018/08/02 03:56 GET: /ping -> main.main.func4() and 2 more
[33m[DBUG][0m 2018/08/02 03:56 GET: /hello -> main.main.func5() and 2 more
[33m[DBUG][0m 2018/08/02 03:56 Application: running using 1 host(s)
[33m[DBUG][0m 2018/08/02 03:56 Host: addr is :8080
[33m[DBUG][0m 2018/08/02 03:56 Host: virtual host is localhost:8080
[33m[DBUG][0m 2018/08/02 03:56 Host: register startup notifier
[33m[DBUG][0m 2018/08/02 03:56 Host: register server shutdown on interrupt(CTRL+C/CMD+C)
[33m[DBUG][0m 2018/08/02 03:56 Host: server will ignore the following errors: [http: Server closed]
Now listening on: http://localhost:8080
Application started. Press CTRL+C to shut down.
sum: 1
sum: 2
sum: 3
sum: 4
sum: 5
sum: 6
sum: 7
[36m[INFO][0m 2018/08/02 03:56 200 16.256Âµs 123.126.70.238 GET /
sum: 8
sum: 9
sum: 10
[36m[INFO][0m 2018/08/02 03:56 200 7.141Âµs 123.126.70.238 GET /
sum: 11
sum: 12
sum: 13
sum: 14
sum: 15
sum: 16
sum: 17
sum: 18
sum: 19
sum: 20
sum: 21
sum: 22
sum: 23
sum: 24
sum: 25
[36m[INFO][0m 2018/08/02 03:56 200 6.572Âµs 123.126.70.238 GET /
sum: 26
sum: 27
sum: 28
sum: 29
sum: 30
sum: 31
sum: 32
sum: 33
sum: 34
sum: 35
sum: 36
sum: 37
sum: 38
sum: 39
sum: 40
é€€å‡º terminated
å¼€å§‹é€€å‡º...
æ‰§è¡Œæ¸…ç†...
ç»“æŸé€€å‡º...
